<?xml version="1.0" encoding="UTF-8"?>
<testng-results ignored="0" total="1" passed="1" failed="0" skipped="0">
  <reporter-output>
  </reporter-output>
  <suite started-at="2020-03-19T21:52:06 EDT" name="Default suite" finished-at="2020-03-19T21:52:26 EDT" duration-ms="19396">
    <groups>
    </groups>
    <test started-at="2020-03-19T21:52:06 EDT" name="Default test" finished-at="2020-03-19T21:52:26 EDT" duration-ms="19396">
      <class name="seleniumpractice.vehicleInsurance">
        <test-method signature="LoginDemo()[pri:0, instance:seleniumpractice.vehicleInsurance@2fd6b6c7]" started-at="2020-03-19T21:52:06 EDT" name="LoginDemo" finished-at="2020-03-19T21:52:26 EDT" duration-ms="19327" status="PASS">
          <reporter-output>
          </reporter-output>
        </test-method> <!-- LoginDemo -->
      </class> <!-- seleniumpractice.vehicleInsurance -->
    </test> <!-- Default test -->
  </suite> <!-- Default suite -->
</testng-results>
