<?xml version="1.0" encoding="UTF-8"?>
<testng-results ignored="0" total="1" passed="1" failed="0" skipped="0">
  <reporter-output>
  </reporter-output>
  <suite started-at="2020-03-25T20:34:38 EDT" name="Default suite" finished-at="2020-03-25T20:35:09 EDT" duration-ms="30489">
    <groups>
    </groups>
    <test started-at="2020-03-25T20:34:38 EDT" name="Default test" finished-at="2020-03-25T20:35:09 EDT" duration-ms="30489">
      <class name="seleniumpractice.qpdm">
        <test-method is-config="true" signature="launchBrowser()[pri:0, instance:seleniumpractice.qpdm@14d3bc22]" started-at="2020-03-25T20:34:38 EDT" name="launchBrowser" finished-at="2020-03-25T20:34:51 EDT" duration-ms="12132" status="PASS">
          <reporter-output>
          </reporter-output>
        </test-method> <!-- launchBrowser -->
        <test-method signature="execute()[pri:0, instance:seleniumpractice.qpdm@14d3bc22]" started-at="2020-03-25T20:34:51 EDT" name="execute" finished-at="2020-03-25T20:35:09 EDT" duration-ms="18091" status="PASS">
          <reporter-output>
          </reporter-output>
        </test-method> <!-- execute -->
        <test-method is-config="true" signature="closeBrowser()[pri:0, instance:seleniumpractice.qpdm@14d3bc22]" started-at="2020-03-25T20:35:09 EDT" name="closeBrowser" finished-at="2020-03-25T20:35:09 EDT" duration-ms="199" status="PASS">
          <reporter-output>
          </reporter-output>
        </test-method> <!-- closeBrowser -->
      </class> <!-- seleniumpractice.qpdm -->
    </test> <!-- Default test -->
  </suite> <!-- Default suite -->
</testng-results>
